::::::::::::::::::::::::::::::::
Makefile.dep
::::::::::::::::::::::::::::::::
     1	cppstrtok.o: cppstrtok.cpp
::::::::::::::::::::::::::::::::
foo.oc
::::::::::::::::::::::::::::::::
     1	line 1// $Id: foo.oc,v 1.1 2017-09-21 15:52:37-07 - - $
     2	__FILE__ __LINE__ __DATE__ __TIME__
     3	foo.oc, line 3.
     4	#include "foo1.oh"
     5	foo.oc, line 5.
     6	#include "foo2.oh"
     7	/* Comment */ on line 7
     8	FOO1 + FOO2;
     9	foo.oc, line 9, last line.
::::::::::::::::::::::::::::::::
foo1.oh
::::::::::::::::::::::::::::::::
     1	// $Id: foo1.oh,v 1.1 2017-09-21 15:52:37-07 - - $
     2	__FILE__ __LINE__ __DATE__ __TIME__
     3	foo1.h, line 3.
     4	foo1.h, line 4.
     5	// Comment.
     6	foo1.h, line 6. /* Comment */ last line
     7	#define FOO1 "foo1"
::::::::::::::::::::::::::::::::
foo2.oh
::::::::::::::::::::::::::::::::
     1	// $Id: foo2.oh,v 1.1 2017-09-21 15:52:37-07 - - $
     2	__FILE__ __LINE__ __DATE__ __TIME__
     3	foo2.h, line 3.
     4	foo2.h, line 4.
     5	// Comment.
     6	foo2.h, line 6. /* Comment */ last line
     7	#define FOO2 "foo2"
