--(end of buffer or a NUL)
--accepting rule at line 31 ("# 1 "07-assert.oc"")
--included # 1 "07-assert.oc"
--accepting rule at line 33 ("
")
--accepting rule at line 31 ("# 1 "<built-in>"")
--included # 1 "<built-in>"
--accepting rule at line 33 ("
")
--accepting rule at line 31 ("# 1 "<command-line>"")
--included # 1 "<command-line>"
--accepting rule at line 33 ("
")
--accepting rule at line 31 ("# 1 "07-assert.oc"")
--included # 1 "07-assert.oc"
--accepting rule at line 33 ("
")
--accepting rule at line 33 ("
")
--accepting rule at line 33 ("
")
--accepting rule at line 31 ("# 1 "oclib.h" 1")
--included # 1 "oclib.h"
--accepting rule at line 33 ("
")
--accepting rule at line 31 ("# 22 "oclib.h"")
--included # 22 "oclib.h"
--accepting rule at line 33 ("
")
--accepting rule at line 47 ("void")
--accepting rule at line 32 (" ")
--accepting rule at line 53 ("fail")
--accepting rule at line 32 (" ")
--accepting rule at line 65 ("(")
--accepting rule at line 43 ("string")
--accepting rule at line 32 (" ")
--accepting rule at line 53 ("expr")
--accepting rule at line 78 (",")
ˆ”t:22.23: invalid source character (,)
--accepting rule at line 32 (" ")
--accepting rule at line 43 ("string")
ˆ”t:22.25: syntax error, unexpected TOK_STRING, expecting ')' or ','
--accepting rule at line 32 (" ")
--accepting rule at line 53 ("file")
--accepting rule at line 78 (",")
ˆ”t:22.36: invalid source character (,)
--accepting rule at line 32 (" ")
--accepting rule at line 42 ("int")
--accepting rule at line 32 (" ")
--accepting rule at line 53 ("line")
--accepting rule at line 66 (")")
--accepting rule at line 70 (";")
--accepting rule at line 33 ("
")
--accepting rule at line 33 ("
")
--accepting rule at line 47 ("void")
--accepting rule at line 32 (" ")
--accepting rule at line 53 ("putchr")
--accepting rule at line 32 (" ")
--accepting rule at line 65 ("(")
--accepting rule at line 42 ("int")
--accepting rule at line 32 (" ")
--accepting rule at line 53 ("chr")
--accepting rule at line 66 (")")
--accepting rule at line 70 (";")
--accepting rule at line 33 ("
")
--accepting rule at line 47 ("void")
--accepting rule at line 32 (" ")
--accepting rule at line 53 ("putint")
--accepting rule at line 32 (" ")
--accepting rule at line 65 ("(")
--accepting rule at line 42 ("int")
--accepting rule at line 32 (" ")
--accepting rule at line 53 ("num")
--accepting rule at line 66 (")")
--accepting rule at line 70 (";")
--accepting rule at line 33 ("
")
--accepting rule at line 47 ("void")
--accepting rule at line 32 (" ")
--accepting rule at line 53 ("putstr")
--accepting rule at line 32 (" ")
--accepting rule at line 65 ("(")
--accepting rule at line 43 ("string")
--accepting rule at line 32 (" ")
--accepting rule at line 53 ("str")
--accepting rule at line 66 (")")
--accepting rule at line 70 (";")
--accepting rule at line 33 ("
")
--accepting rule at line 33 ("
")
--accepting rule at line 42 ("int")
--accepting rule at line 32 (" ")
--accepting rule at line 53 ("getchr")
--accepting rule at line 65 ("(")
--accepting rule at line 66 (")")
--accepting rule at line 70 (";")
--accepting rule at line 33 ("
")
--accepting rule at line 43 ("string")
--accepting rule at line 32 (" ")
--accepting rule at line 53 ("getstr")
--accepting rule at line 65 ("(")
--accepting rule at line 66 (")")
--accepting rule at line 70 (";")
--accepting rule at line 33 ("
")
--accepting rule at line 43 ("string")
--accepting rule at line 32 (" ")
--accepting rule at line 53 ("getln")
--accepting rule at line 65 ("(")
--accepting rule at line 66 (")")
--accepting rule at line 70 (";")
--accepting rule at line 33 ("
")
--accepting rule at line 31 ("# 4 "07-assert.oc" 2")
--included # 4 "07-assert.oc"
--accepting rule at line 33 ("
")
--accepting rule at line 33 ("
")
--accepting rule at line 42 ("int")
--accepting rule at line 32 (" ")
--accepting rule at line 53 ("main")
--accepting rule at line 65 ("(")
--accepting rule at line 66 (")")
--accepting rule at line 32 (" ")
--accepting rule at line 71 ("{")
--accepting rule at line 33 ("
")
--accepting rule at line 32 ("   ")
--accepting rule at line 71 ("{")
--accepting rule at line 35 ("if")
--accepting rule at line 32 (" ")
--accepting rule at line 65 ("(")
--accepting rule at line 41 ("not")
--accepting rule at line 32 (" ")
--accepting rule at line 65 ("(")
--accepting rule at line 49 (""nullptr"")
--accepting rule at line 32 (" ")
--accepting rule at line 56 ("==")
--accepting rule at line 32 (" ")
--accepting rule at line 40 ("nullptr")
--accepting rule at line 66 (")")
--accepting rule at line 66 (")")
--accepting rule at line 32 (" ")
--accepting rule at line 53 ("fail")
--accepting rule at line 32 (" ")
--accepting rule at line 65 ("(")
--accepting rule at line 49 (""\"nullptr\" == nullptr"")
--accepting rule at line 78 (",")
¸¢t:6.67: invalid source character (,)
--accepting rule at line 32 (" ")
--accepting rule at line 49 (""07-assert.oc"")
¸¢t:6.69: syntax error, unexpected TOK_STRINGCON, expecting ')' or ','
--accepting rule at line 78 (",")
¸¢t:6.83: invalid source character (,)
--accepting rule at line 32 (" ")
--accepting rule at line 52 ("6")
--accepting rule at line 66 (")")
--accepting rule at line 70 (";")
--accepting rule at line 72 ("}")
--accepting rule at line 70 (";")
--accepting rule at line 33 ("
")
--accepting rule at line 32 ("   ")
--accepting rule at line 38 ("return")
--accepting rule at line 32 (" ")
--accepting rule at line 52 ("1")
--accepting rule at line 70 (";")
--accepting rule at line 33 ("
")
--accepting rule at line 72 ("}")
¸¢t:8.1: syntax error, unexpected '}'
--accepting rule at line 33 ("
")
--(end of buffer or a NUL)
--EOF (start condition 0)
