--(end of buffer or a NUL)
--accepting rule at line 31 ("# 1 "12-elseif.oc"")
--included # 1 "12-elseif.oc"
--accepting rule at line 33 ("
")
--accepting rule at line 31 ("# 1 "<built-in>"")
--included # 1 "<built-in>"
--accepting rule at line 33 ("
")
--accepting rule at line 31 ("# 1 "<command-line>"")
--included # 1 "<command-line>"
--accepting rule at line 33 ("
")
--accepting rule at line 31 ("# 1 "12-elseif.oc"")
--included # 1 "12-elseif.oc"
--accepting rule at line 33 ("
")
--accepting rule at line 33 ("
")
--accepting rule at line 33 ("
")
--accepting rule at line 31 ("# 1 "oclib.h" 1")
--included # 1 "oclib.h"
--accepting rule at line 33 ("
")
--accepting rule at line 31 ("# 22 "oclib.h"")
--included # 22 "oclib.h"
--accepting rule at line 33 ("
")
--accepting rule at line 47 ("void")
--accepting rule at line 32 (" ")
--accepting rule at line 53 ("fail")
--accepting rule at line 32 (" ")
--accepting rule at line 65 ("(")
--accepting rule at line 43 ("string")
--accepting rule at line 32 (" ")
--accepting rule at line 53 ("expr")
--accepting rule at line 75 (",")
--accepting rule at line 32 (" ")
--accepting rule at line 43 ("string")
--accepting rule at line 32 (" ")
--accepting rule at line 53 ("file")
--accepting rule at line 75 (",")
--accepting rule at line 32 (" ")
--accepting rule at line 42 ("int")
--accepting rule at line 32 (" ")
--accepting rule at line 53 ("line")
--accepting rule at line 66 (")")
--accepting rule at line 70 (";")
--accepting rule at line 33 ("
")
--accepting rule at line 33 ("
")
--accepting rule at line 47 ("void")
--accepting rule at line 32 (" ")
--accepting rule at line 53 ("putchr")
--accepting rule at line 32 (" ")
--accepting rule at line 65 ("(")
--accepting rule at line 42 ("int")
--accepting rule at line 32 (" ")
--accepting rule at line 53 ("chr")
--accepting rule at line 66 (")")
--accepting rule at line 70 (";")
--accepting rule at line 33 ("
")
--accepting rule at line 47 ("void")
--accepting rule at line 32 (" ")
--accepting rule at line 53 ("putint")
--accepting rule at line 32 (" ")
--accepting rule at line 65 ("(")
--accepting rule at line 42 ("int")
--accepting rule at line 32 (" ")
--accepting rule at line 53 ("num")
--accepting rule at line 66 (")")
--accepting rule at line 70 (";")
--accepting rule at line 33 ("
")
--accepting rule at line 47 ("void")
--accepting rule at line 32 (" ")
--accepting rule at line 53 ("putstr")
--accepting rule at line 32 (" ")
--accepting rule at line 65 ("(")
--accepting rule at line 43 ("string")
--accepting rule at line 32 (" ")
--accepting rule at line 53 ("str")
--accepting rule at line 66 (")")
--accepting rule at line 70 (";")
--accepting rule at line 33 ("
")
--accepting rule at line 33 ("
")
--accepting rule at line 42 ("int")
--accepting rule at line 32 (" ")
--accepting rule at line 53 ("getchr")
--accepting rule at line 65 ("(")
--accepting rule at line 66 (")")
--accepting rule at line 70 (";")
--accepting rule at line 33 ("
")
--accepting rule at line 43 ("string")
--accepting rule at line 32 (" ")
--accepting rule at line 53 ("getstr")
--accepting rule at line 65 ("(")
--accepting rule at line 66 (")")
--accepting rule at line 70 (";")
--accepting rule at line 33 ("
")
--accepting rule at line 43 ("string")
--accepting rule at line 32 (" ")
--accepting rule at line 53 ("getln")
--accepting rule at line 65 ("(")
--accepting rule at line 66 (")")
--accepting rule at line 70 (";")
--accepting rule at line 33 ("
")
--accepting rule at line 31 ("# 4 "12-elseif.oc" 2")
--included # 4 "12-elseif.oc"
--accepting rule at line 33 ("
")
--accepting rule at line 33 ("
")
--accepting rule at line 42 ("int")
--accepting rule at line 32 (" ")
--accepting rule at line 53 ("main")
--accepting rule at line 32 (" ")
--accepting rule at line 65 ("(")
--accepting rule at line 42 ("int")
--accepting rule at line 32 (" ")
--accepting rule at line 53 ("argc")
--accepting rule at line 66 (")")
--accepting rule at line 32 (" ")
--accepting rule at line 71 ("{")
--accepting rule at line 33 ("
")
--accepting rule at line 32 ("   ")
--accepting rule at line 35 ("if")
--accepting rule at line 32 (" ")
--accepting rule at line 65 ("(")
--accepting rule at line 53 ("argc")
--accepting rule at line 32 (" ")
--accepting rule at line 56 ("==")
--accepting rule at line 32 (" ")
--accepting rule at line 52 ("1")
--accepting rule at line 66 (")")
--accepting rule at line 32 (" ")
--accepting rule at line 53 ("putstr")
--accepting rule at line 32 (" ")
--accepting rule at line 65 ("(")
--accepting rule at line 49 (""one"")
--accepting rule at line 66 (")")
--accepting rule at line 70 (";")
--accepting rule at line 33 ("
")
--accepting rule at line 32 ("   ")
--accepting rule at line 36 ("else")
--accepting rule at line 32 (" ")
--accepting rule at line 35 ("if")
--accepting rule at line 32 (" ")
--accepting rule at line 65 ("(")
--accepting rule at line 53 ("argc")
--accepting rule at line 32 (" ")
--accepting rule at line 56 ("==")
--accepting rule at line 32 (" ")
--accepting rule at line 52 ("2")
--accepting rule at line 66 (")")
--accepting rule at line 32 (" ")
--accepting rule at line 53 ("putstr")
--accepting rule at line 32 (" ")
--accepting rule at line 65 ("(")
--accepting rule at line 49 (""two"")
--accepting rule at line 66 (")")
--accepting rule at line 70 (";")
--accepting rule at line 33 ("
")
--accepting rule at line 32 ("   ")
--accepting rule at line 36 ("else")
--accepting rule at line 32 (" ")
--accepting rule at line 35 ("if")
--accepting rule at line 32 (" ")
--accepting rule at line 65 ("(")
--accepting rule at line 53 ("argc")
--accepting rule at line 32 (" ")
--accepting rule at line 56 ("==")
--accepting rule at line 32 (" ")
--accepting rule at line 52 ("3")
--accepting rule at line 66 (")")
--accepting rule at line 32 (" ")
--accepting rule at line 53 ("putstr")
--accepting rule at line 32 (" ")
--accepting rule at line 65 ("(")
--accepting rule at line 49 (""three"")
--accepting rule at line 66 (")")
--accepting rule at line 70 (";")
--accepting rule at line 33 ("
")
--accepting rule at line 32 ("   ")
--accepting rule at line 36 ("else")
--accepting rule at line 32 (" ")
--accepting rule at line 53 ("putstr")
--accepting rule at line 32 (" ")
--accepting rule at line 65 ("(")
--accepting rule at line 49 (""many"")
--accepting rule at line 66 (")")
--accepting rule at line 70 (";")
--accepting rule at line 33 ("
")
--accepting rule at line 32 ("   ")
--accepting rule at line 53 ("putchr")
--accepting rule at line 32 (" ")
--accepting rule at line 65 ("(")
--accepting rule at line 50 ("'\n'")
--accepting rule at line 66 (")")
--accepting rule at line 70 (";")
--accepting rule at line 33 ("
")
--accepting rule at line 32 ("   ")
--accepting rule at line 38 ("return")
--accepting rule at line 32 (" ")
--accepting rule at line 52 ("0")
--accepting rule at line 70 (";")
--accepting rule at line 33 ("
")
--accepting rule at line 72 ("}")
--accepting rule at line 33 ("
")
--(end of buffer or a NUL)
--EOF (start condition 0)
