--(end of buffer or a NUL)
--accepting rule at line 31 ("# 1 "23-atoi.oc"")
--included # 1 "23-atoi.oc"
--accepting rule at line 33 ("
")
--accepting rule at line 31 ("# 1 "<built-in>"")
--included # 1 "<built-in>"
--accepting rule at line 33 ("
")
--accepting rule at line 31 ("# 1 "<command-line>"")
--included # 1 "<command-line>"
--accepting rule at line 33 ("
")
--accepting rule at line 31 ("# 1 "23-atoi.oc"")
--included # 1 "23-atoi.oc"
--accepting rule at line 33 ("
")
--accepting rule at line 33 ("
")
--accepting rule at line 33 ("
")
--accepting rule at line 31 ("# 1 "oclib.h" 1")
--included # 1 "oclib.h"
--accepting rule at line 33 ("
")
--accepting rule at line 31 ("# 22 "oclib.h"")
--included # 22 "oclib.h"
--accepting rule at line 33 ("
")
--accepting rule at line 47 ("void")
--accepting rule at line 32 (" ")
--accepting rule at line 53 ("fail")
--accepting rule at line 32 (" ")
--accepting rule at line 65 ("(")
--accepting rule at line 43 ("string")
--accepting rule at line 32 (" ")
--accepting rule at line 53 ("expr")
--accepting rule at line 75 (",")
--accepting rule at line 32 (" ")
--accepting rule at line 43 ("string")
--accepting rule at line 32 (" ")
--accepting rule at line 53 ("file")
--accepting rule at line 75 (",")
--accepting rule at line 32 (" ")
--accepting rule at line 42 ("int")
--accepting rule at line 32 (" ")
--accepting rule at line 53 ("line")
--accepting rule at line 66 (")")
--accepting rule at line 70 (";")
--accepting rule at line 33 ("
")
--accepting rule at line 33 ("
")
--accepting rule at line 47 ("void")
--accepting rule at line 32 (" ")
--accepting rule at line 53 ("putchr")
--accepting rule at line 32 (" ")
--accepting rule at line 65 ("(")
--accepting rule at line 42 ("int")
--accepting rule at line 32 (" ")
--accepting rule at line 53 ("chr")
--accepting rule at line 66 (")")
--accepting rule at line 70 (";")
--accepting rule at line 33 ("
")
--accepting rule at line 47 ("void")
--accepting rule at line 32 (" ")
--accepting rule at line 53 ("putint")
--accepting rule at line 32 (" ")
--accepting rule at line 65 ("(")
--accepting rule at line 42 ("int")
--accepting rule at line 32 (" ")
--accepting rule at line 53 ("num")
--accepting rule at line 66 (")")
--accepting rule at line 70 (";")
--accepting rule at line 33 ("
")
--accepting rule at line 47 ("void")
--accepting rule at line 32 (" ")
--accepting rule at line 53 ("putstr")
--accepting rule at line 32 (" ")
--accepting rule at line 65 ("(")
--accepting rule at line 43 ("string")
--accepting rule at line 32 (" ")
--accepting rule at line 53 ("str")
--accepting rule at line 66 (")")
--accepting rule at line 70 (";")
--accepting rule at line 33 ("
")
--accepting rule at line 33 ("
")
--accepting rule at line 42 ("int")
--accepting rule at line 32 (" ")
--accepting rule at line 53 ("getchr")
--accepting rule at line 65 ("(")
--accepting rule at line 66 (")")
--accepting rule at line 70 (";")
--accepting rule at line 33 ("
")
--accepting rule at line 43 ("string")
--accepting rule at line 32 (" ")
--accepting rule at line 53 ("getstr")
--accepting rule at line 65 ("(")
--accepting rule at line 66 (")")
--accepting rule at line 70 (";")
--accepting rule at line 33 ("
")
--accepting rule at line 43 ("string")
--accepting rule at line 32 (" ")
--accepting rule at line 53 ("getln")
--accepting rule at line 65 ("(")
--accepting rule at line 66 (")")
--accepting rule at line 70 (";")
--accepting rule at line 33 ("
")
--accepting rule at line 31 ("# 4 "23-atoi.oc" 2")
--included # 4 "23-atoi.oc"
--accepting rule at line 33 ("
")
--accepting rule at line 33 ("
")
--accepting rule at line 42 ("int")
--accepting rule at line 32 (" ")
--accepting rule at line 53 ("atoi")
--accepting rule at line 32 (" ")
--accepting rule at line 65 ("(")
--accepting rule at line 43 ("string")
--accepting rule at line 32 (" ")
--accepting rule at line 53 ("str")
--accepting rule at line 66 (")")
--accepting rule at line 32 (" ")
--accepting rule at line 71 ("{")
--accepting rule at line 33 ("
")
--accepting rule at line 32 ("   ")
--accepting rule at line 42 ("int")
--accepting rule at line 32 (" ")
--accepting rule at line 53 ("neg")
--accepting rule at line 32 (" ")
--accepting rule at line 59 ("=")
--accepting rule at line 32 (" ")
--accepting rule at line 52 ("0")
--accepting rule at line 70 (";")
--accepting rule at line 33 ("
")
--accepting rule at line 32 ("   ")
--accepting rule at line 42 ("int")
--accepting rule at line 32 (" ")
--accepting rule at line 53 ("num")
--accepting rule at line 32 (" ")
--accepting rule at line 59 ("=")
--accepting rule at line 32 (" ")
--accepting rule at line 52 ("0")
--accepting rule at line 70 (";")
--accepting rule at line 33 ("
")
--accepting rule at line 32 ("   ")
--accepting rule at line 42 ("int")
--accepting rule at line 32 (" ")
--accepting rule at line 53 ("digit")
--accepting rule at line 32 (" ")
--accepting rule at line 59 ("=")
--accepting rule at line 32 (" ")
--accepting rule at line 52 ("0")
--accepting rule at line 70 (";")
--accepting rule at line 33 ("
")
--accepting rule at line 32 ("   ")
--accepting rule at line 71 ("{")
--accepting rule at line 35 ("if")
--accepting rule at line 32 (" ")
--accepting rule at line 65 ("(")
--accepting rule at line 53 ("not")
--accepting rule at line 32 (" ")
--accepting rule at line 65 ("(")
--accepting rule at line 53 ("str")
--accepting rule at line 32 (" ")
--accepting rule at line 57 ("!=")
--accepting rule at line 32 (" ")
--accepting rule at line 40 ("nullptr")
--accepting rule at line 66 (")")
--accepting rule at line 66 (")")
--accepting rule at line 32 (" ")
--accepting rule at line 53 ("fail")
--accepting rule at line 32 (" ")
--accepting rule at line 65 ("(")
--accepting rule at line 49 (""str != nullptr"")
--accepting rule at line 75 (",")
--accepting rule at line 32 (" ")
--accepting rule at line 49 (""23-atoi.oc"")
--accepting rule at line 75 (",")
--accepting rule at line 32 (" ")
--accepting rule at line 52 ("9")
--accepting rule at line 66 (")")
--accepting rule at line 70 (";")
--accepting rule at line 72 ("}")
--accepting rule at line 70 (";")
--accepting rule at line 33 ("
")
--accepting rule at line 32 ("   ")
--accepting rule at line 35 ("if")
--accepting rule at line 32 (" ")
--accepting rule at line 65 ("(")
--accepting rule at line 53 ("str")
--accepting rule at line 73 ("[")
--accepting rule at line 52 ("0")
--accepting rule at line 74 ("]")
--accepting rule at line 32 (" ")
--accepting rule at line 57 ("!=")
--accepting rule at line 32 (" ")
--accepting rule at line 50 ("'\0'")
--accepting rule at line 66 (")")
--accepting rule at line 32 (" ")
--accepting rule at line 71 ("{")
--accepting rule at line 33 ("
")
--accepting rule at line 32 ("      ")
--accepting rule at line 35 ("if")
--accepting rule at line 32 (" ")
--accepting rule at line 65 ("(")
--accepting rule at line 53 ("str")
--accepting rule at line 73 ("[")
--accepting rule at line 52 ("0")
--accepting rule at line 74 ("]")
--accepting rule at line 32 (" ")
--accepting rule at line 56 ("==")
--accepting rule at line 32 (" ")
--accepting rule at line 50 ("'-'")
--accepting rule at line 66 (")")
--accepting rule at line 32 (" ")
--accepting rule at line 71 ("{")
--accepting rule at line 33 ("
")
--accepting rule at line 32 ("         ")
--accepting rule at line 53 ("digit")
--accepting rule at line 32 (" ")
--accepting rule at line 59 ("=")
--accepting rule at line 32 (" ")
--accepting rule at line 53 ("digit")
--accepting rule at line 32 (" ")
--accepting rule at line 60 ("+")
--accepting rule at line 32 (" ")
--accepting rule at line 52 ("1")
--accepting rule at line 70 (";")
--accepting rule at line 33 ("
")
--accepting rule at line 32 ("         ")
--accepting rule at line 53 ("neg")
--accepting rule at line 32 (" ")
--accepting rule at line 59 ("=")
--accepting rule at line 32 (" ")
--accepting rule at line 52 ("1")
--accepting rule at line 70 (";")
--accepting rule at line 33 ("
")
--accepting rule at line 32 ("      ")
--accepting rule at line 72 ("}")
--accepting rule at line 33 ("
")
--accepting rule at line 32 ("      ")
--accepting rule at line 42 ("int")
--accepting rule at line 32 (" ")
--accepting rule at line 53 ("contin")
--accepting rule at line 32 (" ")
--accepting rule at line 59 ("=")
--accepting rule at line 32 (" ")
--accepting rule at line 52 ("1")
--accepting rule at line 70 (";")
--accepting rule at line 33 ("
")
--accepting rule at line 32 ("      ")
--accepting rule at line 37 ("while")
--accepting rule at line 32 (" ")
--accepting rule at line 65 ("(")
--accepting rule at line 53 ("contin")
--accepting rule at line 66 (")")
--accepting rule at line 32 (" ")
--accepting rule at line 71 ("{")
--accepting rule at line 33 ("
")
--accepting rule at line 32 ("         ")
--accepting rule at line 35 ("if")
--accepting rule at line 32 (" ")
--accepting rule at line 65 ("(")
--accepting rule at line 53 ("str")
--accepting rule at line 73 ("[")
--accepting rule at line 53 ("digit")
--accepting rule at line 74 ("]")
--accepting rule at line 32 (" ")
--accepting rule at line 56 ("==")
--accepting rule at line 32 (" ")
--accepting rule at line 50 ("'\0'")
--accepting rule at line 66 (")")
--accepting rule at line 32 (" ")
--accepting rule at line 71 ("{")
--accepting rule at line 33 ("
")
--accepting rule at line 32 ("            ")
--accepting rule at line 53 ("contin")
--accepting rule at line 32 (" ")
--accepting rule at line 59 ("=")
--accepting rule at line 32 (" ")
--accepting rule at line 52 ("0")
--accepting rule at line 70 (";")
--accepting rule at line 33 ("
")
--accepting rule at line 32 ("         ")
--accepting rule at line 72 ("}")
--accepting rule at line 36 ("else")
--accepting rule at line 32 (" ")
--accepting rule at line 71 ("{")
--accepting rule at line 33 ("
")
--accepting rule at line 32 ("            ")
--accepting rule at line 42 ("int")
--accepting rule at line 32 (" ")
--accepting rule at line 53 ("chr")
--accepting rule at line 32 (" ")
--accepting rule at line 59 ("=")
--accepting rule at line 32 (" ")
--accepting rule at line 53 ("str")
--accepting rule at line 73 ("[")
--accepting rule at line 53 ("digit")
--accepting rule at line 74 ("]")
--accepting rule at line 70 (";")
--accepting rule at line 33 ("
")
--accepting rule at line 32 ("            ")
--accepting rule at line 53 ("digit")
--accepting rule at line 32 (" ")
--accepting rule at line 59 ("=")
--accepting rule at line 32 (" ")
--accepting rule at line 53 ("digit")
--accepting rule at line 32 (" ")
--accepting rule at line 60 ("+")
--accepting rule at line 32 (" ")
--accepting rule at line 52 ("1")
--accepting rule at line 70 (";")
--accepting rule at line 33 ("
")
--accepting rule at line 32 ("            ")
--accepting rule at line 35 ("if")
--accepting rule at line 32 (" ")
--accepting rule at line 65 ("(")
--accepting rule at line 53 ("chr")
--accepting rule at line 32 (" ")
--accepting rule at line 68 ("<")
--accepting rule at line 32 (" ")
--accepting rule at line 50 ("'0'")
--accepting rule at line 66 (")")
--accepting rule at line 32 (" ")
--accepting rule at line 53 ("contin")
--accepting rule at line 32 (" ")
--accepting rule at line 59 ("=")
--accepting rule at line 32 (" ")
--accepting rule at line 52 ("0")
--accepting rule at line 70 (";")
--accepting rule at line 33 ("
")
--accepting rule at line 32 ("            ")
--accepting rule at line 36 ("else")
--accepting rule at line 32 (" ")
--accepting rule at line 35 ("if")
--accepting rule at line 32 (" ")
--accepting rule at line 65 ("(")
--accepting rule at line 53 ("chr")
--accepting rule at line 32 (" ")
--accepting rule at line 69 (">")
--accepting rule at line 32 (" ")
--accepting rule at line 50 ("'9'")
--accepting rule at line 66 (")")
--accepting rule at line 32 (" ")
--accepting rule at line 53 ("contin")
--accepting rule at line 32 (" ")
--accepting rule at line 59 ("=")
--accepting rule at line 32 (" ")
--accepting rule at line 52 ("0")
--accepting rule at line 70 (";")
--accepting rule at line 33 ("
")
--accepting rule at line 32 ("            ")
--accepting rule at line 36 ("else")
--accepting rule at line 32 (" ")
--accepting rule at line 53 ("num")
--accepting rule at line 32 (" ")
--accepting rule at line 59 ("=")
--accepting rule at line 32 (" ")
--accepting rule at line 53 ("num")
--accepting rule at line 32 (" ")
--accepting rule at line 62 ("*")
--accepting rule at line 32 (" ")
--accepting rule at line 52 ("10")
--accepting rule at line 32 (" ")
--accepting rule at line 60 ("+")
--accepting rule at line 32 (" ")
--accepting rule at line 53 ("chr")
--accepting rule at line 32 (" ")
--accepting rule at line 61 ("-")
--accepting rule at line 32 (" ")
--accepting rule at line 50 ("'0'")
--accepting rule at line 70 (";")
--accepting rule at line 33 ("
")
--accepting rule at line 32 ("         ")
--accepting rule at line 72 ("}")
--accepting rule at line 33 ("
")
--accepting rule at line 32 ("      ")
--accepting rule at line 72 ("}")
--accepting rule at line 33 ("
")
--accepting rule at line 32 ("      ")
--accepting rule at line 35 ("if")
--accepting rule at line 32 (" ")
--accepting rule at line 65 ("(")
--accepting rule at line 53 ("neg")
--accepting rule at line 66 (")")
--accepting rule at line 32 (" ")
--accepting rule at line 53 ("num")
--accepting rule at line 32 (" ")
--accepting rule at line 59 ("=")
--accepting rule at line 32 (" ")
--accepting rule at line 61 ("-")
--accepting rule at line 32 (" ")
--accepting rule at line 53 ("num")
--accepting rule at line 70 (";")
--accepting rule at line 33 ("
")
--accepting rule at line 32 ("   ")
--accepting rule at line 72 ("}")
--accepting rule at line 33 ("
")
--accepting rule at line 32 ("   ")
--accepting rule at line 38 ("return")
--accepting rule at line 32 (" ")
--accepting rule at line 53 ("num")
--accepting rule at line 70 (";")
--accepting rule at line 33 ("
")
--accepting rule at line 72 ("}")
--accepting rule at line 33 ("
")
--accepting rule at line 33 ("
")
--accepting rule at line 42 ("int")
--accepting rule at line 32 (" ")
--accepting rule at line 53 ("main")
--accepting rule at line 32 (" ")
--accepting rule at line 65 ("(")
--accepting rule at line 42 ("int")
--accepting rule at line 32 (" ")
--accepting rule at line 53 ("argc")
--accepting rule at line 75 (",")
--accepting rule at line 32 (" ")
--accepting rule at line 45 ("array")
--accepting rule at line 68 ("<")
--accepting rule at line 43 ("string")
--accepting rule at line 69 (">")
--accepting rule at line 32 (" ")
--accepting rule at line 53 ("argv")
--accepting rule at line 66 (")")
--accepting rule at line 32 (" ")
--accepting rule at line 71 ("{")
--accepting rule at line 33 ("
")
--accepting rule at line 32 ("   ")
--accepting rule at line 42 ("int")
--accepting rule at line 32 (" ")
--accepting rule at line 53 ("argi")
--accepting rule at line 32 (" ")
--accepting rule at line 59 ("=")
--accepting rule at line 32 (" ")
--accepting rule at line 52 ("1")
--accepting rule at line 70 (";")
--accepting rule at line 33 ("
")
--accepting rule at line 32 ("   ")
--accepting rule at line 43 ("string")
--accepting rule at line 32 (" ")
--accepting rule at line 53 ("arg")
--accepting rule at line 32 (" ")
--accepting rule at line 59 ("=")
--accepting rule at line 32 (" ")
--accepting rule at line 40 ("nullptr")
--accepting rule at line 70 (";")
--accepting rule at line 33 ("
")
--accepting rule at line 32 ("   ")
--accepting rule at line 37 ("while")
--accepting rule at line 32 (" ")
--accepting rule at line 65 ("(")
--accepting rule at line 53 ("argi")
--accepting rule at line 32 (" ")
--accepting rule at line 68 ("<")
--accepting rule at line 32 (" ")
--accepting rule at line 53 ("argc")
--accepting rule at line 66 (")")
--accepting rule at line 32 (" ")
--accepting rule at line 71 ("{")
--accepting rule at line 33 ("
")
--accepting rule at line 32 ("      ")
--accepting rule at line 53 ("arg")
--accepting rule at line 32 (" ")
--accepting rule at line 59 ("=")
--accepting rule at line 32 (" ")
--accepting rule at line 53 ("argv")
--accepting rule at line 73 ("[")
--accepting rule at line 53 ("argi")
--accepting rule at line 74 ("]")
--accepting rule at line 70 (";")
--accepting rule at line 33 ("
")
--accepting rule at line 32 ("      ")
--accepting rule at line 53 ("putstr")
--accepting rule at line 32 (" ")
--accepting rule at line 65 ("(")
--accepting rule at line 53 ("arg")
--accepting rule at line 66 (")")
--accepting rule at line 70 (";")
--accepting rule at line 33 ("
")
--accepting rule at line 32 ("      ")
--accepting rule at line 53 ("putstr")
--accepting rule at line 32 (" ")
--accepting rule at line 65 ("(")
--accepting rule at line 49 ("" = "")
--accepting rule at line 66 (")")
--accepting rule at line 70 (";")
--accepting rule at line 33 ("
")
--accepting rule at line 32 ("      ")
--accepting rule at line 53 ("putint")
--accepting rule at line 32 (" ")
--accepting rule at line 65 ("(")
--accepting rule at line 53 ("atoi")
--accepting rule at line 32 (" ")
--accepting rule at line 65 ("(")
--accepting rule at line 53 ("arg")
--accepting rule at line 66 (")")
--accepting rule at line 66 (")")
--accepting rule at line 70 (";")
--accepting rule at line 33 ("
")
--accepting rule at line 32 ("      ")
--accepting rule at line 53 ("putchr")
--accepting rule at line 32 (" ")
--accepting rule at line 65 ("(")
--accepting rule at line 50 ("'\n'")
--accepting rule at line 66 (")")
--accepting rule at line 70 (";")
--accepting rule at line 33 ("
")
--accepting rule at line 32 ("      ")
--accepting rule at line 53 ("argi")
--accepting rule at line 32 (" ")
--accepting rule at line 59 ("=")
--accepting rule at line 32 (" ")
--accepting rule at line 53 ("argi")
--accepting rule at line 32 (" ")
--accepting rule at line 60 ("+")
--accepting rule at line 32 (" ")
--accepting rule at line 52 ("1")
--accepting rule at line 70 (";")
--accepting rule at line 33 ("
")
--accepting rule at line 32 ("   ")
--accepting rule at line 72 ("}")
--accepting rule at line 33 ("
")
--accepting rule at line 32 ("   ")
--accepting rule at line 38 ("return")
--accepting rule at line 32 (" ")
--accepting rule at line 52 ("0")
--accepting rule at line 70 (";")
--accepting rule at line 33 ("
")
--accepting rule at line 72 ("}")
--accepting rule at line 33 ("
")
--(end of buffer or a NUL)
--EOF (start condition 0)
