--(end of buffer or a NUL)
--accepting rule at line 31 ("# 1 "94-syntax.oc"")
--included # 1 "94-syntax.oc"
--accepting rule at line 33 ("
")
--accepting rule at line 31 ("# 1 "<built-in>"")
--included # 1 "<built-in>"
--accepting rule at line 33 ("
")
--accepting rule at line 31 ("# 1 "<command-line>"")
--included # 1 "<command-line>"
--accepting rule at line 33 ("
")
--accepting rule at line 31 ("# 1 "94-syntax.oc"")
--included # 1 "94-syntax.oc"
--accepting rule at line 33 ("
")
--accepting rule at line 33 ("
")
--accepting rule at line 33 ("
")
--accepting rule at line 42 ("int")
--accepting rule at line 32 (" ")
--accepting rule at line 53 ("f")
--accepting rule at line 65 ("(")
--accepting rule at line 66 (")")
--accepting rule at line 32 (" ")
--accepting rule at line 71 ("{")
--accepting rule at line 33 ("
")
--accepting rule at line 42 ("int")
--accepting rule at line 32 (" ")
--accepting rule at line 53 ("a")
--accepting rule at line 32 (" ")
--accepting rule at line 59 ("=")
--accepting rule at line 32 (" ")
--accepting rule at line 70 (";")
øþè:4.9: syntax error, unexpected ';'
--accepting rule at line 33 ("
")
--accepting rule at line 38 ("return")
--accepting rule at line 32 (" ")
--accepting rule at line 53 ("foo")
--accepting rule at line 70 (";")
--accepting rule at line 33 ("
")
--accepting rule at line 53 ("public")
--accepting rule at line 32 (" ")
--accepting rule at line 53 ("static")
øþè:6.8: syntax error, unexpected IDENT
--accepting rule at line 32 (" ")
--accepting rule at line 42 ("int")
--accepting rule at line 32 (" ")
--accepting rule at line 53 ("main")
--accepting rule at line 32 (" ")
--accepting rule at line 65 ("(")
--accepting rule at line 53 ("String")
--accepting rule at line 51 ("[]")
--accepting rule at line 32 (" ")
--accepting rule at line 53 ("args")
--accepting rule at line 66 (")")
--accepting rule at line 32 (" ")
--accepting rule at line 71 ("{")
--accepting rule at line 33 ("
")
--accepting rule at line 32 ("   ")
--accepting rule at line 53 ("System")
--accepting rule at line 78 (".")
øþè:7.10: invalid source character (.)
--accepting rule at line 53 ("exit")
--accepting rule at line 32 (" ")
--accepting rule at line 65 ("(")
--accepting rule at line 52 ("255")
--accepting rule at line 66 (")")
--accepting rule at line 70 (";")
--accepting rule at line 33 ("
")
--accepting rule at line 72 ("}")
--accepting rule at line 33 ("
")
--(end of buffer or a NUL)
--EOF (start condition 0)
oc: generateTable.cpp:193: void type_check(astree*): Assertion `entry != global_table.end()' failed.
