--(end of buffer or a NUL)
--accepting rule at line 31 ("# 1 "90-c8q.oc"")
--included # 1 "90-c8q.oc"
--accepting rule at line 33 ("
")
--accepting rule at line 31 ("# 1 "<built-in>"")
--included # 1 "<built-in>"
--accepting rule at line 33 ("
")
--accepting rule at line 31 ("# 1 "<command-line>"")
--included # 1 "<command-line>"
--accepting rule at line 33 ("
")
--accepting rule at line 31 ("# 1 "90-c8q.oc"")
--included # 1 "90-c8q.oc"
--accepting rule at line 33 ("
")
--accepting rule at line 53 ("char")
--accepting rule at line 32 (" ")
--accepting rule at line 53 ("O")
ÿ˚Å:1.6: syntax error, unexpected IDENT
--accepting rule at line 73 ("[")
--accepting rule at line 52 ("9")
--accepting rule at line 74 ("]")
--accepting rule at line 70 (";")
--accepting rule at line 53 ("Q")
--accepting rule at line 65 ("(")
--accepting rule at line 53 ("l")
--accepting rule at line 78 (",")
ÿ˚Å:1.14: invalid source character (,)
--accepting rule at line 53 ("b")
ÿ˚Å:1.15: syntax error, unexpected IDENT, expecting ')' or ','
--accepting rule at line 78 (",")
ÿ˚Å:1.16: invalid source character (,)
--accepting rule at line 53 ("d")
--accepting rule at line 66 (")")
--accepting rule at line 71 ("{")
--accepting rule at line 42 ("int")
--accepting rule at line 32 (" ")
--accepting rule at line 53 ("o")
--accepting rule at line 59 ("=")
--accepting rule at line 52 ("8")
--accepting rule at line 78 (",")
ÿ˚Å:1.27: invalid source character (,)
--accepting rule at line 53 ("p")
--accepting rule at line 59 ("=")
--accepting rule at line 52 ("1")
--accepting rule at line 78 (",")
ÿ˚Å:1.31: invalid source character (,)
--accepting rule at line 53 ("q")
--accepting rule at line 59 ("=")
--accepting rule at line 52 ("1")
--accepting rule at line 68 ("<")
--accepting rule at line 68 ("<")
--accepting rule at line 33 ("
")
--accepting rule at line 53 ("l")
--accepting rule at line 78 ("|")
ÿ˚Å:2.2: invalid source character (|)
--accepting rule at line 52 ("1")
--accepting rule at line 68 ("<")
--accepting rule at line 68 ("<")
--accepting rule at line 52 ("22")
--accepting rule at line 61 ("-")
--accepting rule at line 53 ("l")
--accepting rule at line 70 (";")
--accepting rule at line 53 ("for")
--accepting rule at line 65 ("(")
--accepting rule at line 70 (";")
ÿ˚Å:2.15: syntax error, unexpected ';'
--accepting rule at line 53 ("l")
--accepting rule at line 69 (">")
--accepting rule at line 52 ("7")
ÿ˚Å:2.18: syntax error, unexpected TOK_INT
--accepting rule at line 78 ("?")
ÿ˚Å:2.19: invalid source character (?)
--accepting rule at line 78 ("!")
ÿ˚Å:2.20: invalid source character (!)
--accepting rule at line 53 ("write")
--accepting rule at line 65 ("(")
--accepting rule at line 52 ("1")
--accepting rule at line 78 (",")
ÿ˚Å:2.28: invalid source character (,)
--accepting rule at line 53 ("O")
--accepting rule at line 78 (",")
ÿ˚Å:2.30: invalid source character (,)
--accepting rule at line 52 ("9")
--accepting rule at line 66 (")")
--accepting rule at line 78 (":")
ÿ˚Å:2.33: invalid source character (:)
--accepting rule at line 53 ("o")
--accepting rule at line 61 ("-")
--accepting rule at line 61 ("-")
--accepting rule at line 33 ("
")
--accepting rule at line 70 (";")
--accepting rule at line 66 (")")
--accepting rule at line 53 ("O")
--accepting rule at line 73 ("[")
--accepting rule at line 53 ("l")
--accepting rule at line 74 ("]")
--accepting rule at line 59 ("=")
--accepting rule at line 52 ("56")
--accepting rule at line 61 ("-")
--accepting rule at line 53 ("o")
--accepting rule at line 78 (",")
ÿ˚Å:3.12: invalid source character (,)
--accepting rule at line 53 ("b")
--accepting rule at line 78 ("&")
ÿ˚Å:3.14: invalid source character (&)
--accepting rule at line 53 ("p")
--accepting rule at line 78 ("|")
ÿ˚Å:3.16: invalid source character (|)
--accepting rule at line 53 ("d")
--accepting rule at line 78 ("&")
ÿ˚Å:3.18: invalid source character (&)
--accepting rule at line 53 ("q")
--accepting rule at line 78 ("|")
ÿ˚Å:3.20: invalid source character (|)
--accepting rule at line 78 ("|")
ÿ˚Å:3.21: invalid source character (|)
--accepting rule at line 53 ("Q")
--accepting rule at line 65 ("(")
--accepting rule at line 53 ("l")
--accepting rule at line 60 ("+")
--accepting rule at line 52 ("1")
--accepting rule at line 78 (",")
ÿ˚Å:3.27: invalid source character (,)
--accepting rule at line 53 ("b")
--accepting rule at line 78 ("|")
ÿ˚Å:3.29: invalid source character (|)
--accepting rule at line 53 ("p")
--accepting rule at line 78 (",")
ÿ˚Å:3.31: invalid source character (,)
--accepting rule at line 53 ("d")
--accepting rule at line 78 ("|")
ÿ˚Å:3.33: invalid source character (|)
--accepting rule at line 53 ("q")
--accepting rule at line 66 (")")
--accepting rule at line 78 (",")
ÿ˚Å:3.36: invalid source character (,)
--accepting rule at line 33 ("
")
--accepting rule at line 53 ("p")
--accepting rule at line 62 ("*")
--accepting rule at line 59 ("=")
--accepting rule at line 52 ("2")
--accepting rule at line 78 (",")
ÿ˚Å:4.5: invalid source character (,)
--accepting rule at line 53 ("q")
--accepting rule at line 62 ("*")
--accepting rule at line 59 ("=")
--accepting rule at line 52 ("2")
--accepting rule at line 70 (";")
--accepting rule at line 72 ("}")
--accepting rule at line 53 ("main")
--accepting rule at line 65 ("(")
--accepting rule at line 66 (")")
--accepting rule at line 71 ("{")
ÿ˚Å:4.18: syntax error, unexpected '{'
--accepting rule at line 53 ("O")
--accepting rule at line 73 ("[")
--accepting rule at line 52 ("8")
--accepting rule at line 74 ("]")
--accepting rule at line 59 ("=")
--accepting rule at line 52 ("10")
--accepting rule at line 70 (";")
--accepting rule at line 53 ("Q")
--accepting rule at line 65 ("(")
--accepting rule at line 52 ("0")
ÿ˚Å:4.29: syntax error, unexpected TOK_INT
--accepting rule at line 78 (",")
ÿ˚Å:4.30: invalid source character (,)
--accepting rule at line 52 ("0")
--accepting rule at line 78 (",")
ÿ˚Å:4.32: invalid source character (,)
--accepting rule at line 52 ("0")
--accepting rule at line 66 (")")
--accepting rule at line 70 (";")
--accepting rule at line 72 ("}")
--accepting rule at line 33 ("
")
--(end of buffer or a NUL)
--EOF (start condition 0)
