--(end of buffer or a NUL)
--accepting rule at line 31 ("# 1 "13-macros.oc"")
--included # 1 "13-macros.oc"
--accepting rule at line 33 ("
")
--accepting rule at line 31 ("# 1 "<built-in>"")
--included # 1 "<built-in>"
--accepting rule at line 33 ("
")
--accepting rule at line 31 ("# 1 "<command-line>"")
--included # 1 "<command-line>"
--accepting rule at line 33 ("
")
--accepting rule at line 31 ("# 1 "13-macros.oc"")
--included # 1 "13-macros.oc"
--accepting rule at line 33 ("
")
--accepting rule at line 33 ("
")
--accepting rule at line 33 ("
")
--accepting rule at line 31 ("# 1 "oclib.h" 1")
--included # 1 "oclib.h"
--accepting rule at line 33 ("
")
--accepting rule at line 31 ("# 22 "oclib.h"")
--included # 22 "oclib.h"
--accepting rule at line 33 ("
")
--accepting rule at line 47 ("void")
--accepting rule at line 32 (" ")
--accepting rule at line 53 ("fail")
--accepting rule at line 32 (" ")
--accepting rule at line 65 ("(")
--accepting rule at line 43 ("string")
--accepting rule at line 32 (" ")
--accepting rule at line 53 ("expr")
--accepting rule at line 78 (",")
ˆM:22.23: invalid source character (,)
--accepting rule at line 32 (" ")
--accepting rule at line 43 ("string")
--accepting rule at line 32 (" ")
--accepting rule at line 53 ("file")
--accepting rule at line 78 (",")
ˆM:22.36: invalid source character (,)
--accepting rule at line 32 (" ")
--accepting rule at line 42 ("int")
--accepting rule at line 32 (" ")
--accepting rule at line 53 ("line")
--accepting rule at line 66 (")")
--accepting rule at line 70 (";")
--accepting rule at line 33 ("
")
--accepting rule at line 33 ("
")
--accepting rule at line 47 ("void")
--accepting rule at line 32 (" ")
--accepting rule at line 53 ("putchr")
--accepting rule at line 32 (" ")
--accepting rule at line 65 ("(")
--accepting rule at line 42 ("int")
--accepting rule at line 32 (" ")
--accepting rule at line 53 ("chr")
--accepting rule at line 66 (")")
--accepting rule at line 70 (";")
--accepting rule at line 33 ("
")
--accepting rule at line 47 ("void")
--accepting rule at line 32 (" ")
--accepting rule at line 53 ("putint")
--accepting rule at line 32 (" ")
--accepting rule at line 65 ("(")
--accepting rule at line 42 ("int")
--accepting rule at line 32 (" ")
--accepting rule at line 53 ("num")
--accepting rule at line 66 (")")
--accepting rule at line 70 (";")
--accepting rule at line 33 ("
")
--accepting rule at line 47 ("void")
--accepting rule at line 32 (" ")
--accepting rule at line 53 ("putstr")
--accepting rule at line 32 (" ")
--accepting rule at line 65 ("(")
--accepting rule at line 43 ("string")
--accepting rule at line 32 (" ")
--accepting rule at line 53 ("str")
--accepting rule at line 66 (")")
--accepting rule at line 70 (";")
--accepting rule at line 33 ("
")
--accepting rule at line 33 ("
")
--accepting rule at line 42 ("int")
--accepting rule at line 32 (" ")
--accepting rule at line 53 ("getchr")
--accepting rule at line 65 ("(")
--accepting rule at line 66 (")")
--accepting rule at line 70 (";")
--accepting rule at line 33 ("
")
--accepting rule at line 43 ("string")
--accepting rule at line 32 (" ")
--accepting rule at line 53 ("getstr")
--accepting rule at line 65 ("(")
--accepting rule at line 66 (")")
--accepting rule at line 70 (";")
--accepting rule at line 33 ("
")
--accepting rule at line 43 ("string")
--accepting rule at line 32 (" ")
--accepting rule at line 53 ("getln")
--accepting rule at line 65 ("(")
--accepting rule at line 66 (")")
--accepting rule at line 70 (";")
--accepting rule at line 33 ("
")
--accepting rule at line 31 ("# 4 "13-macros.oc" 2")
--included # 4 "13-macros.oc"
--accepting rule at line 33 ("
")
--accepting rule at line 33 ("
")
--accepting rule at line 42 ("int")
--accepting rule at line 32 (" ")
--accepting rule at line 53 ("main")
--accepting rule at line 32 (" ")
--accepting rule at line 65 ("(")
--accepting rule at line 42 ("int")
--accepting rule at line 32 (" ")
--accepting rule at line 53 ("argc")
--accepting rule at line 78 (",")
˜*M:5.19: invalid source character (,)
--accepting rule at line 32 (" ")
--accepting rule at line 45 ("array")
--accepting rule at line 68 ("<")
--accepting rule at line 43 ("string")
--accepting rule at line 69 (">")
--accepting rule at line 32 (" ")
--accepting rule at line 53 ("argv")
--accepting rule at line 66 (")")
--accepting rule at line 32 (" ")
--accepting rule at line 71 ("{")
--accepting rule at line 33 ("
")
--accepting rule at line 32 ("   ")
--accepting rule at line 53 ("putstr")
--accepting rule at line 32 (" ")
--accepting rule at line 65 ("(")
--accepting rule at line 53 ("argv")
--accepting rule at line 73 ("[")
--accepting rule at line 52 ("0")
--accepting rule at line 74 ("]")
--accepting rule at line 66 (")")
--accepting rule at line 70 (";")
--accepting rule at line 33 ("
")
--accepting rule at line 32 ("   ")
--accepting rule at line 53 ("putstr")
--accepting rule at line 32 (" ")
--accepting rule at line 65 ("(")
--accepting rule at line 49 ("": "")
--accepting rule at line 66 (")")
--accepting rule at line 70 (";")
--accepting rule at line 33 ("
")
--accepting rule at line 32 ("   ")
--accepting rule at line 53 ("putstr")
--accepting rule at line 32 (" ")
--accepting rule at line 65 ("(")
--accepting rule at line 49 (""13-macros.oc"")
--accepting rule at line 66 (")")
--accepting rule at line 70 (";")
--accepting rule at line 33 ("
")
--accepting rule at line 32 ("   ")
--accepting rule at line 53 ("putchr")
--accepting rule at line 32 (" ")
--accepting rule at line 65 ("(")
--accepting rule at line 50 ("'['")
--accepting rule at line 66 (")")
--accepting rule at line 70 (";")
--accepting rule at line 33 ("
")
--accepting rule at line 32 ("   ")
--accepting rule at line 53 ("putint")
--accepting rule at line 32 (" ")
--accepting rule at line 65 ("(")
--accepting rule at line 52 ("10")
--accepting rule at line 66 (")")
--accepting rule at line 70 (";")
--accepting rule at line 33 ("
")
--accepting rule at line 32 ("   ")
--accepting rule at line 53 ("putstr")
--accepting rule at line 32 (" ")
--accepting rule at line 65 ("(")
--accepting rule at line 49 (""] compiled "")
--accepting rule at line 66 (")")
--accepting rule at line 70 (";")
--accepting rule at line 33 ("
")
--accepting rule at line 32 ("   ")
--accepting rule at line 53 ("putstr")
--accepting rule at line 32 (" ")
--accepting rule at line 65 ("(")
--accepting rule at line 49 (""May  6 2019"")
--accepting rule at line 66 (")")
--accepting rule at line 70 (";")
--accepting rule at line 33 ("
")
--accepting rule at line 32 ("   ")
--accepting rule at line 53 ("putstr")
--accepting rule at line 32 (" ")
--accepting rule at line 65 ("(")
--accepting rule at line 49 ("" "")
--accepting rule at line 66 (")")
--accepting rule at line 70 (";")
--accepting rule at line 33 ("
")
--accepting rule at line 32 ("   ")
--accepting rule at line 53 ("putstr")
--accepting rule at line 32 (" ")
--accepting rule at line 65 ("(")
--accepting rule at line 49 (""14:02:18"")
--accepting rule at line 66 (")")
--accepting rule at line 70 (";")
--accepting rule at line 33 ("
")
--accepting rule at line 32 ("   ")
--accepting rule at line 53 ("putstr")
--accepting rule at line 32 (" ")
--accepting rule at line 65 ("(")
--accepting rule at line 49 (""\n"")
--accepting rule at line 66 (")")
--accepting rule at line 70 (";")
--accepting rule at line 33 ("
")
--accepting rule at line 32 ("   ")
--accepting rule at line 38 ("return")
--accepting rule at line 32 (" ")
--accepting rule at line 52 ("0")
--accepting rule at line 70 (";")
--accepting rule at line 33 ("
")
--accepting rule at line 72 ("}")
--accepting rule at line 33 ("
")
--(end of buffer or a NUL)
--EOF (start condition 0)
