--(end of buffer or a NUL)
--accepting rule at line 31 ("# 1 "20-fib-array.oc"")
--included # 1 "20-fib-array.oc"
--accepting rule at line 33 ("
")
--accepting rule at line 31 ("# 1 "<built-in>"")
--included # 1 "<built-in>"
--accepting rule at line 33 ("
")
--accepting rule at line 31 ("# 1 "<command-line>"")
--included # 1 "<command-line>"
--accepting rule at line 33 ("
")
--accepting rule at line 31 ("# 1 "20-fib-array.oc"")
--included # 1 "20-fib-array.oc"
--accepting rule at line 33 ("
")
--accepting rule at line 33 ("
")
--accepting rule at line 33 ("
")
--accepting rule at line 33 ("
")
--accepting rule at line 33 ("
")
--accepting rule at line 33 ("
")
--accepting rule at line 31 ("# 1 "oclib.h" 1")
--included # 1 "oclib.h"
--accepting rule at line 33 ("
")
--accepting rule at line 31 ("# 22 "oclib.h"")
--included # 22 "oclib.h"
--accepting rule at line 33 ("
")
--accepting rule at line 47 ("void")
--accepting rule at line 32 (" ")
--accepting rule at line 53 ("fail")
--accepting rule at line 32 (" ")
--accepting rule at line 65 ("(")
--accepting rule at line 43 ("string")
--accepting rule at line 32 (" ")
--accepting rule at line 53 ("expr")
--accepting rule at line 78 (",")
h¬‘:22.23: invalid source character (,)
--accepting rule at line 32 (" ")
--accepting rule at line 43 ("string")
--accepting rule at line 32 (" ")
--accepting rule at line 53 ("file")
--accepting rule at line 78 (",")
h¬‘:22.36: invalid source character (,)
--accepting rule at line 32 (" ")
--accepting rule at line 42 ("int")
--accepting rule at line 32 (" ")
--accepting rule at line 53 ("line")
--accepting rule at line 66 (")")
--accepting rule at line 70 (";")
--accepting rule at line 33 ("
")
--accepting rule at line 33 ("
")
--accepting rule at line 47 ("void")
--accepting rule at line 32 (" ")
--accepting rule at line 53 ("putchr")
--accepting rule at line 32 (" ")
--accepting rule at line 65 ("(")
--accepting rule at line 42 ("int")
--accepting rule at line 32 (" ")
--accepting rule at line 53 ("chr")
--accepting rule at line 66 (")")
--accepting rule at line 70 (";")
--accepting rule at line 33 ("
")
--accepting rule at line 47 ("void")
--accepting rule at line 32 (" ")
--accepting rule at line 53 ("putint")
--accepting rule at line 32 (" ")
--accepting rule at line 65 ("(")
--accepting rule at line 42 ("int")
--accepting rule at line 32 (" ")
--accepting rule at line 53 ("num")
--accepting rule at line 66 (")")
--accepting rule at line 70 (";")
--accepting rule at line 33 ("
")
--accepting rule at line 47 ("void")
--accepting rule at line 32 (" ")
--accepting rule at line 53 ("putstr")
--accepting rule at line 32 (" ")
--accepting rule at line 65 ("(")
--accepting rule at line 43 ("string")
--accepting rule at line 32 (" ")
--accepting rule at line 53 ("str")
--accepting rule at line 66 (")")
--accepting rule at line 70 (";")
--accepting rule at line 33 ("
")
--accepting rule at line 33 ("
")
--accepting rule at line 42 ("int")
--accepting rule at line 32 (" ")
--accepting rule at line 53 ("getchr")
--accepting rule at line 65 ("(")
--accepting rule at line 66 (")")
--accepting rule at line 70 (";")
--accepting rule at line 33 ("
")
--accepting rule at line 43 ("string")
--accepting rule at line 32 (" ")
--accepting rule at line 53 ("getstr")
--accepting rule at line 65 ("(")
--accepting rule at line 66 (")")
--accepting rule at line 70 (";")
--accepting rule at line 33 ("
")
--accepting rule at line 43 ("string")
--accepting rule at line 32 (" ")
--accepting rule at line 53 ("getln")
--accepting rule at line 65 ("(")
--accepting rule at line 66 (")")
--accepting rule at line 70 (";")
--accepting rule at line 33 ("
")
--accepting rule at line 31 ("# 7 "20-fib-array.oc" 2")
--included # 7 "20-fib-array.oc"
--accepting rule at line 33 ("
")
--accepting rule at line 33 ("
")
--accepting rule at line 33 ("
")
--accepting rule at line 33 ("
")
--accepting rule at line 42 ("int")
--accepting rule at line 32 (" ")
--accepting rule at line 53 ("main")
--accepting rule at line 65 ("(")
--accepting rule at line 66 (")")
--accepting rule at line 32 (" ")
--accepting rule at line 71 ("{")
--accepting rule at line 33 ("
")
--accepting rule at line 32 ("   ")
--accepting rule at line 45 ("array")
--accepting rule at line 68 ("<")
--accepting rule at line 42 ("int")
--accepting rule at line 69 (">")
--accepting rule at line 32 (" ")
--accepting rule at line 53 ("fibonacci")
--accepting rule at line 32 (" ")
--accepting rule at line 59 ("=")
--accepting rule at line 32 (" ")
--accepting rule at line 39 ("alloc")
--accepting rule at line 68 ("<")
--accepting rule at line 45 ("array")
--accepting rule at line 68 ("<")
--accepting rule at line 42 ("int")
--accepting rule at line 69 (">")
--accepting rule at line 69 (">")
--accepting rule at line 32 (" ")
--accepting rule at line 65 ("(")
--accepting rule at line 52 ("30")
--accepting rule at line 66 (")")
--accepting rule at line 70 (";")
--accepting rule at line 33 ("
")
--accepting rule at line 32 ("   ")
--accepting rule at line 53 ("fibonacci")
--accepting rule at line 73 ("[")
--accepting rule at line 52 ("0")
--accepting rule at line 74 ("]")
--accepting rule at line 32 (" ")
--accepting rule at line 59 ("=")
--accepting rule at line 32 (" ")
--accepting rule at line 52 ("0")
--accepting rule at line 70 (";")
--accepting rule at line 33 ("
")
--accepting rule at line 32 ("   ")
--accepting rule at line 53 ("fibonacci")
--accepting rule at line 73 ("[")
--accepting rule at line 52 ("1")
--accepting rule at line 74 ("]")
--accepting rule at line 32 (" ")
--accepting rule at line 59 ("=")
--accepting rule at line 32 (" ")
--accepting rule at line 52 ("1")
--accepting rule at line 70 (";")
--accepting rule at line 33 ("
")
--accepting rule at line 32 ("   ")
--accepting rule at line 42 ("int")
--accepting rule at line 32 (" ")
--accepting rule at line 53 ("index")
--accepting rule at line 32 (" ")
--accepting rule at line 59 ("=")
--accepting rule at line 32 (" ")
--accepting rule at line 52 ("2")
--accepting rule at line 70 (";")
--accepting rule at line 33 ("
")
--accepting rule at line 32 ("   ")
--accepting rule at line 37 ("while")
--accepting rule at line 32 (" ")
--accepting rule at line 65 ("(")
--accepting rule at line 53 ("index")
--accepting rule at line 32 (" ")
--accepting rule at line 68 ("<")
--accepting rule at line 32 (" ")
--accepting rule at line 52 ("30")
--accepting rule at line 66 (")")
--accepting rule at line 32 (" ")
--accepting rule at line 71 ("{")
--accepting rule at line 33 ("
")
--accepting rule at line 32 ("      ")
--accepting rule at line 53 ("fibonacci")
--accepting rule at line 73 ("[")
--accepting rule at line 53 ("index")
--accepting rule at line 74 ("]")
--accepting rule at line 32 (" ")
--accepting rule at line 59 ("=")
--accepting rule at line 32 (" ")
--accepting rule at line 53 ("fibonacci")
--accepting rule at line 73 ("[")
--accepting rule at line 53 ("index")
--accepting rule at line 32 (" ")
--accepting rule at line 61 ("-")
--accepting rule at line 32 (" ")
--accepting rule at line 52 ("1")
--accepting rule at line 74 ("]")
--accepting rule at line 32 (" ")
--accepting rule at line 60 ("+")
--accepting rule at line 32 (" ")
--accepting rule at line 53 ("fibonacci")
--accepting rule at line 73 ("[")
--accepting rule at line 53 ("index")
--accepting rule at line 32 (" ")
--accepting rule at line 61 ("-")
--accepting rule at line 32 (" ")
--accepting rule at line 52 ("2")
--accepting rule at line 74 ("]")
--accepting rule at line 70 (";")
--accepting rule at line 33 ("
")
--accepting rule at line 32 ("      ")
--accepting rule at line 53 ("index")
--accepting rule at line 32 (" ")
--accepting rule at line 59 ("=")
--accepting rule at line 32 (" ")
--accepting rule at line 53 ("index")
--accepting rule at line 32 (" ")
--accepting rule at line 60 ("+")
--accepting rule at line 32 (" ")
--accepting rule at line 52 ("1")
--accepting rule at line 70 (";")
--accepting rule at line 33 ("
")
--accepting rule at line 32 ("   ")
--accepting rule at line 72 ("}")
--accepting rule at line 33 ("
")
--accepting rule at line 32 ("   ")
--accepting rule at line 53 ("index")
--accepting rule at line 32 (" ")
--accepting rule at line 59 ("=")
--accepting rule at line 32 (" ")
--accepting rule at line 52 ("0")
--accepting rule at line 70 (";")
--accepting rule at line 33 ("
")
--accepting rule at line 32 ("   ")
--accepting rule at line 53 ("putstr")
--accepting rule at line 32 (" ")
--accepting rule at line 65 ("(")
--accepting rule at line 49 (""Numeri di figlio Bonacci\n"")
--accepting rule at line 66 (")")
--accepting rule at line 70 (";")
--accepting rule at line 33 ("
")
--accepting rule at line 32 ("   ")
--accepting rule at line 37 ("while")
--accepting rule at line 32 (" ")
--accepting rule at line 65 ("(")
--accepting rule at line 53 ("index")
--accepting rule at line 32 (" ")
--accepting rule at line 68 ("<")
--accepting rule at line 32 (" ")
--accepting rule at line 52 ("30")
--accepting rule at line 66 (")")
--accepting rule at line 32 (" ")
--accepting rule at line 71 ("{")
--accepting rule at line 33 ("
")
--accepting rule at line 32 ("      ")
--accepting rule at line 53 ("putstr")
--accepting rule at line 32 (" ")
--accepting rule at line 65 ("(")
--accepting rule at line 49 (""fibonacci["")
--accepting rule at line 66 (")")
--accepting rule at line 70 (";")
--accepting rule at line 33 ("
")
--accepting rule at line 32 ("      ")
--accepting rule at line 53 ("putint")
--accepting rule at line 32 (" ")
--accepting rule at line 65 ("(")
--accepting rule at line 53 ("index")
--accepting rule at line 66 (")")
--accepting rule at line 70 (";")
--accepting rule at line 33 ("
")
--accepting rule at line 32 ("      ")
--accepting rule at line 53 ("putstr")
--accepting rule at line 32 (" ")
--accepting rule at line 65 ("(")
--accepting rule at line 49 (""] = "")
--accepting rule at line 66 (")")
--accepting rule at line 70 (";")
--accepting rule at line 33 ("
")
--accepting rule at line 32 ("      ")
--accepting rule at line 53 ("putint")
--accepting rule at line 32 (" ")
--accepting rule at line 65 ("(")
--accepting rule at line 53 ("fibonacci")
--accepting rule at line 73 ("[")
--accepting rule at line 53 ("index")
--accepting rule at line 74 ("]")
--accepting rule at line 66 (")")
--accepting rule at line 70 (";")
--accepting rule at line 33 ("
")
--accepting rule at line 32 ("      ")
--accepting rule at line 53 ("putchr")
--accepting rule at line 32 (" ")
--accepting rule at line 65 ("(")
--accepting rule at line 50 ("'\n'")
--accepting rule at line 66 (")")
--accepting rule at line 70 (";")
--accepting rule at line 33 ("
")
--accepting rule at line 32 ("      ")
--accepting rule at line 53 ("index")
--accepting rule at line 32 (" ")
--accepting rule at line 59 ("=")
--accepting rule at line 32 (" ")
--accepting rule at line 53 ("index")
--accepting rule at line 32 (" ")
--accepting rule at line 60 ("+")
--accepting rule at line 32 (" ")
--accepting rule at line 52 ("1")
--accepting rule at line 70 (";")
--accepting rule at line 33 ("
")
--accepting rule at line 32 ("   ")
--accepting rule at line 72 ("}")
--accepting rule at line 33 ("
")
--accepting rule at line 32 ("   ")
--accepting rule at line 38 ("return")
--accepting rule at line 32 (" ")
--accepting rule at line 52 ("0")
--accepting rule at line 70 (";")
--accepting rule at line 33 ("
")
--accepting rule at line 72 ("}")
--accepting rule at line 33 ("
")
--(end of buffer or a NUL)
--EOF (start condition 0)
